<?xml version="1.0" encoding="UTF-8"?>
<coverage generated="1769627475550" clover="3.2.0">
  <project timestamp="1769627475550" name="All files">
    <metrics statements="11" coveredstatements="8" conditionals="4" coveredconditionals="1" methods="3" coveredmethods="2" elements="18" coveredelements="11" complexity="0" loc="11" ncloc="11" packages="1" files="1" classes="1"/>
    <file name="app.js" path="C:\Users\bawam\OneDrive\Documents\sem5\CSP451 NIA\CSP451-CheckPoint3\src\app.js">
      <metrics statements="11" coveredstatements="8" conditionals="4" coveredconditionals="1" methods="3" coveredmethods="2"/>
      <line num="1" count="1" type="stmt"/>
      <line num="3" count="1" type="stmt"/>
      <line num="5" count="1" type="stmt"/>
      <line num="6" count="1" type="stmt"/>
      <line num="9" count="1" type="stmt"/>
      <line num="10" count="2" type="stmt"/>
      <line num="16" count="1" type="stmt"/>
      <line num="19" count="1" type="cond" truecount="1" falsecount="1"/>
      <line num="20" count="0" type="cond" truecount="0" falsecount="2"/>
      <line num="21" count="0" type="stmt"/>
      <line num="22" count="0" type="stmt"/>
    </file>
  </project>
</coverage>
