{"C:\\Users\\bawam\\OneDrive\\Documents\\sem5\\CSP451 NIA\\CSP451-CheckPoint3\\src\\app.js": {"path":"C:\\Users\\bawam\\OneDrive\\Documents\\sem5\\CSP451 NIA\\CSP451-CheckPoint3\\src\\app.js","statementMap":{"0":{"start":{"line":1,"column":16},"end":{"line":1,"column":34}},"1":{"start":{"line":3,"column":12},"end":{"line":3,"column":21}},"2":{"start":{"line":5,"column":0},"end":{"line":7,"column":3}},"3":{"start":{"line":6,"column":2},"end":{"line":6,"column":53}},"4":{"start":{"line":9,"column":0},"end":{"line":14,"column":3}},"5":{"start":{"line":10,"column":2},"end":{"line":13,"column":5}},"6":{"start":{"line":16,"column":0},"end":{"line":16,"column":21}},"7":{"start":{"line":19,"column":0},"end":{"line":24,"column":1}},"8":{"start":{"line":20,"column":15},"end":{"line":20,"column":39}},"9":{"start":{"line":21,"column":2},"end":{"line":23,"column":5}},"10":{"start":{"line":22,"column":4},"end":{"line":22,"column":45}}},"fnMap":{"0":{"name":"(anonymous_0)","decl":{"start":{"line":5,"column":13},"end":{"line":5,"column":14}},"loc":{"start":{"line":5,"column":27},"end":{"line":7,"column":1}},"line":5},"1":{"name":"(anonymous_1)","decl":{"start":{"line":9,"column":19},"end":{"line":9,"column":20}},"loc":{"start":{"line":9,"column":33},"end":{"line":14,"column":1}},"line":9},"2":{"name":"(anonymous_2)","decl":{"start":{"line":21,"column":19},"end":{"line":21,"column":20}},"loc":{"start":{"line":21,"column":25},"end":{"line":23,"column":3}},"line":21}},"branchMap":{"0":{"loc":{"start":{"line":19,"column":0},"end":{"line":24,"column":1}},"type":"if","locations":[{"start":{"line":19,"column":0},"end":{"line":24,"column":1}},{"start":{},"end":{}}],"line":19},"1":{"loc":{"start":{"line":20,"column":15},"end":{"line":20,"column":39}},"type":"binary-expr","locations":[{"start":{"line":20,"column":15},"end":{"line":20,"column":31}},{"start":{"line":20,"column":35},"end":{"line":20,"column":39}}],"line":20}},"s":{"0":1,"1":1,"2":1,"3":1,"4":1,"5":2,"6":1,"7":1,"8":0,"9":0,"10":0},"f":{"0":1,"1":2,"2":0},"b":{"0":[0,1],"1":[0,0]},"_coverageSchema":"1a1c01bbd47fc00a2c39e90264f33305004495a9","hash":"e5d0d73776d53cc24bc2f9215d351b7da55453b3"}
}
